<?xml version="1.0" encoding="UTF-8"?>
<!-- Generated by org.testng.reporters.JUnitReportReporter -->
<testsuite hostname="aapna-lap-111" failures="0" tests="1" name="org.example.AppTest" time="0.014" errors="0" timestamp="2023-10-15T19:46:54 GMT+05:30" skipped="0">
  <testcase classname="org.example.AppTest" name="shouldAnswerWithTrue" time="0.014"/>
</testsuite> <!-- org.example.AppTest -->
